{"C:\\Users\\PC\\Desktop\\unit-тестирование\\ajs_mocking\\src\\http.js": {"path":"C:\\Users\\PC\\Desktop\\unit-тестирование\\ajs_mocking\\src\\http.js","statementMap":{"0":{"start":{"line":2,"column":4},"end":{"line":2,"column":40}}},"fnMap":{"0":{"name":"fetchData","decl":{"start":{"line":1,"column":24},"end":{"line":1,"column":33}},"loc":{"start":{"line":1,"column":39},"end":{"line":3,"column":1}},"line":1}},"branchMap":{},"s":{"0":0},"f":{"0":0},"b":{},"_coverageSchema":"1a1c01bbd47fc00a2c39e90264f33305004495a9","hash":"81b6a23539b64b69c762542454ff0dfaad1a988e"}
,"C:\\Users\\PC\\Desktop\\unit-тестирование\\ajs_mocking\\src\\index.js": {"path":"C:\\Users\\PC\\Desktop\\unit-тестирование\\ajs_mocking\\src\\index.js","statementMap":{"0":{"start":{"line":4,"column":21},"end":{"line":4,"column":63}},"1":{"start":{"line":6,"column":4},"end":{"line":8,"column":5}},"2":{"start":{"line":7,"column":8},"end":{"line":7,"column":55}},"3":{"start":{"line":10,"column":4},"end":{"line":10,"column":53}}},"fnMap":{"0":{"name":"getLevel","decl":{"start":{"line":3,"column":16},"end":{"line":3,"column":24}},"loc":{"start":{"line":3,"column":33},"end":{"line":11,"column":1}},"line":3}},"branchMap":{"0":{"loc":{"start":{"line":6,"column":4},"end":{"line":8,"column":5}},"type":"if","locations":[{"start":{"line":6,"column":4},"end":{"line":8,"column":5}},{"start":{},"end":{}}],"line":6}},"s":{"0":2,"1":2,"2":1,"3":1},"f":{"0":2},"b":{"0":[1,1]},"_coverageSchema":"1a1c01bbd47fc00a2c39e90264f33305004495a9","hash":"59b2bc65fb19c6692097c346199ede75a3ba89df"}
}
